.Reading project: 'C:\Users\allen\ownCloud\Reference house champs\coarse_grid\Baseline.dpj'
  .Reading material file 'C:\Program Files (x86)\BEESL\CHAMPS_BES 1.6\examples\materials\Gypsum Board.mat'
  .Reading material file 'C:\Program Files (x86)\BEESL\CHAMPS_BES 1.6\examples\materials\Air.mat'
.Project read successfully!
.Initialization of solver:
  .Setting up project
    .Transferring materials and conditions
    .Creating element index matrix and selecting used elements
    .Numbering elements and creating vector with used elements
    .Elements numbered, number of elements: 9918
    .Calculating element geometry
      .Grid width  (x-dimension) = 9.716 m
      .Grid height (y-dimension) = 8.432 m
    .Assigning materials.
    .Assigning initial conditions
    .Assigning field conditions
    .Setting up horizontal sides matrix
    .Setting up vertical sides matrix
    .Assigning boundary conditions
    .Assigning contact conditions
    .Renumbering sides and creating final sides vector
    .Side vector created, number of sides: 19635
    .Linking elements to sides
    .Setting up output grids
    .Assigning output ranges
  .Initializing climate conditions
  .Initializing material functions
    .Initializing material 'R13 Fiber Glass'
    .Initializing material 'Plywood'
      .Converting: Dl -> Psi
    .Initializing material 'Gypsum Board'
      .Converting: Dl -> Psi
    .Initializing material 'Air'
    .Initializing material 'Carpet'
      .Converting: Dl -> Psi
    .Creating output files
    .Setting up simulation time frame
    .Number of balance equations per element: 3
    .Pre-calculating energy parameters
    .Setting initial conditions
    .Initializing CVODE integrator
.Initialization complete!
.Starting solver:

Simtime     Simdate           Realtime    MeanSp       CurrentSp    ETC
 0.020 s    06/23/00  0:00:00 41.375 s     0.000 s/s    0.000 s/s    5.668 a *
 0.105 s    06/23/00  0:00:00 41.719 s     0.003 s/s    0.003 s/s    1.090 a *
 0.105 s    06/23/00  0:00:00 1.013 min    0.002 s/s    0.002 s/s    1.589 a *
 0.057 s    06/23/00  0:00:00 1.016 min    0.001 s/s    0.001 s/s    2.949 a *
 0.057 s    06/23/00  0:00:00 1.395 min    0.001 s/s    0.001 s/s    4.051 a *
 0.304 s    06/23/00  0:00:00 1.747 min    0.003 s/s    0.003 s/s   344.432 d *
 0.416 s    06/23/00  0:00:00 2.053 min    0.003 s/s    0.003 s/s   296.254 d *
 0.416 s    06/23/00  0:00:00 2.056 min    0.003 s/s    0.003 s/s   296.591 d *
 0.747 s    06/23/00  0:00:00 2.342 min    0.005 s/s    0.005 s/s   188.004 d *
 2.526 s    06/23/00  0:00:02 2.629 min    0.016 s/s    0.022 s/s   46.435 d *
 4.159 s    06/23/00  0:00:04 2.887 min    0.024 s/s    0.031 s/s   32.436 d *
 8.762 s    06/23/00  0:00:08 3.146 min    0.046 s/s    0.068 s/s   14.782 d *
15.923 s    06/23/00  0:00:15 3.402 min    0.078 s/s    0.111 s/s    9.022 d *
28.586 s    06/23/00  0:00:28 3.638 min    0.131 s/s    0.212 s/s    4.716 d *
34.664 s    06/23/00  0:00:34 3.857 min    0.150 s/s    0.271 s/s    3.683 d *
 1.173 min  06/23/00  0:01:10 4.071 min    0.288 s/s    0.578 s/s    1.729 d *
 1.810 min  06/23/00  0:01:48 4.252 min    0.426 s/s    0.821 s/s    1.217 d *
 2.169 min  06/23/00  0:02:10 4.502 min    0.482 s/s    0.998 s/s    1.000 d *
 5.256 min  06/23/00  0:05:15 4.931 min    1.066 s/s    2.265 s/s   10.558 h *
 9.867 min  06/23/00  0:09:51 5.145 min    1.918 s/s    4.340 s/s    5.492 h *
C:\Users\allen\ownCloud\Reference house champs\coarse_grid\Baseline.dpj
15.257 min  06/23/00  0:15:15 5.351 min    2.851 s/s    6.854 s/s    3.464 h *
27.696 min  06/23/00  0:27:41 5.563 min    4.978 s/s   12.692 s/s    1.855 h *
41.763 min  06/23/00  0:41:45 5.763 min    7.247 s/s   19.431 s/s    1.199 h *
 1.000 h    06/23/00  1:00:00 5.979 min   10.034 s/s   27.998 s/s   49.290 min
 1.856 h    06/23/00  1:51:20 6.230 min   17.873 s/s   51.041 s/s   26.031 min *
 2.000 h    06/23/00  2:00:00 6.441 min   18.629 s/s   53.985 s/s   24.451 min
 3.000 h    06/23/00  3:00:00 6.647 min   27.081 s/s    1.382 min/s 15.195 min
 4.000 h    06/23/00  4:00:00 6.663 min   36.021 s/s    2.260 min/s  8.851 min
 5.000 h    06/23/00  5:00:00 6.863 min   43.714 s/s    2.815 min/s  6.750 min
 6.000 h    06/23/00  6:00:00 6.874 min   52.368 s/s    3.772 min/s  4.773 min
 7.000 h    06/23/00  7:00:00 7.076 min   59.357 s/s    4.323 min/s  3.933 min
 8.000 h    06/23/00  8:00:00 7.091 min    1.128 min/s  5.498 min/s  2.910 min
 9.000 h    06/23/00  9:00:00 7.101 min    1.268 min/s  7.136 min/s  2.102 min
10.000 h    06/23/00 10:00:00 7.110 min    1.406 min/s  9.255 min/s  1.513 min
11.000 h    06/23/00 11:00:00 7.122 min    1.544 min/s 13.221 min/s 58.997 s
12.000 h    06/23/00 12:00:00 7.132 min    1.683 min/s 18.541 min/s 38.833 s
13.000 h    06/23/00 13:00:00 7.141 min    1.820 min/s 18.813 min/s 35.081 s
14.000 h    06/23/00 14:00:00 7.150 min    1.958 min/s 31.361 min/s 19.132 s
15.000 h    06/23/00 15:00:00 7.160 min    2.095 min/s 31.476 min/s 17.156 s
16.000 h    06/23/00 16:00:00 7.170 min    2.232 min/s  1.595 h/s    5.014 s
Simtime     Simdate           Realtime    MeanSp       CurrentSp    ETC
17.000 h    06/23/00 17:00:00 7.365 min    2.308 min/s 32.883 min/s 12.773 s
18.000 h    06/23/00 18:00:00 7.374 min    2.441 min/s 32.883 min/s 10.948 s
19.000 h    06/23/00 19:00:00 7.384 min    2.573 min/s 32.851 min/s  9.132 s
20.000 h    06/23/00 20:00:00 7.393 min    2.705 min/s 33.200 min/s  7.229 s
21.000 h    06/23/00 21:00:00 7.402 min    2.837 min/s 33.294 min/s  5.406 s
22.000 h    06/23/00 22:00:00 7.414 min    2.967 min/s 32.945 min/s  3.642 s
23.000 h    06/23/00 23:00:00 7.424 min    3.098 min/s 32.759 min/s  1.832 s
 1.000 d    06/24/00  0:00:00 7.433 min    3.229 min/s 32.977 min/s  0.000 s

.Simulation finished after : 7.433333 min
