.Reading project: 'C:\Users\Allen\Desktop\Kma_champs_verify\dual chamber reference\140219_DualChamber_Toluene.dpj'
.Project read successfully!
.Initialization of solver:
  .Setting up project
    .Transferring materials and conditions
    .Creating element index matrix and selecting used elements
    .Numbering elements and creating vector with used elements
    .Elements numbered, number of elements: 700
    .Calculating element geometry
      .Grid width  (x-dimension) = 0.35 m
      .Grid height (y-dimension) = 0.29 m
    .Assigning materials.
    .Assigning initial conditions
    .Assigning field conditions
    .Setting up horizontal sides matrix
    .Setting up vertical sides matrix
    .Assigning boundary conditions
    .Assigning contact conditions
    .Renumbering sides and creating final sides vector
    .Side vector created, number of sides: 1480
    .Linking elements to sides
    .Setting up output grids
    .Assigning output ranges
  .Initializing climate conditions
  .Initializing material functions
    .Initializing material 'Air'
    .Initializing material 'Calcium silicate'
      .Converting: Dl -> Psi
    .Creating output files
    .Setting up simulation time frame
    .Number of balance equations per element: 3
    .Pre-calculating energy parameters
    .Setting initial conditions
    .Initializing CVODE integrator
.Initialization complete!
.Starting solver:

Simtime     Simdate           Realtime    MeanSp       CurrentSp    ETC
 1.000 h    05/06/00  1:00:00 625 ms       1.600 h/s    1.600 h/s   27.500 s
 2.000 h    05/06/00  2:00:00 656 ms       3.049 h/s    3.049 h/s   14.104 s
 3.000 h    05/06/00  3:00:00 688 ms       4.360 h/s    4.360 h/s    9.632 s
 4.000 h    05/06/00  4:00:00 688 ms       5.814 h/s    5.814 h/s    7.052 s
 5.000 h    05/06/00  5:00:00 719 ms       6.954 h/s    6.954 h/s    5.752 s
 6.000 h    05/06/00  6:00:00 735 ms       8.163 h/s    8.163 h/s    4.777 s
 7.000 h    05/06/00  7:00:00 735 ms       9.524 h/s    9.524 h/s    3.990 s
 8.000 h    05/06/00  8:00:00 750 ms      10.667 h/s   10.667 h/s    3.469 s
 9.000 h    05/06/00  9:00:00 766 ms      11.749 h/s   11.749 h/s    3.064 s
10.000 h    05/06/00 10:00:00 797 ms      12.547 h/s    2.180 d/s    0.669 s
11.000 h    05/06/00 11:00:00 813 ms      13.530 h/s    2.389 d/s    0.593 s
12.000 h    05/06/00 12:00:00 844 ms      14.218 h/s    2.404 d/s    0.572 s
13.000 h    05/06/00 13:00:00 844 ms      15.403 h/s    2.404 d/s    0.555 s
14.000 h    05/06/00 14:00:00 860 ms      16.279 h/s    2.660 d/s    0.486 s
15.000 h    05/06/00 15:00:00 860 ms      17.442 h/s    3.000 d/s    0.417 s
16.000 h    05/06/00 16:00:00 891 ms      17.957 h/s    2.404 d/s    0.503 s
17.000 h    05/06/00 17:00:00 922 ms      18.438 h/s    2.180 d/s    0.535 s
18.000 h    05/06/00 18:00:00 922 ms      19.523 h/s    2.404 d/s    0.468 s
19.000 h    05/06/00 19:00:00 969 ms      19.608 h/s    2.180 d/s    0.497 s
20.000 h    05/06/00 20:00:00 985 ms      20.305 h/s    2.180 d/s    0.478 s
C:\Users\Allen\Desktop\Kma_champs_verify\dual chamber reference\140219_DualChamber_Toluene.dpj
21.000 h    05/06/00 21:00:00 1.000 s     21.000 h/s    2.404 d/s    0.416 s
22.000 h    05/06/00 22:00:00 1.031 s     21.339 h/s    2.005 d/s    0.478 s
23.000 h    05/06/00 23:00:00 1.094 s     21.024 h/s    1.603 d/s    0.572 s
 1.000 d    05/07/00  0:00:00 1.125 s     21.333 h/s    1.415 d/s    0.618 s
 1.042 d    05/07/00  1:00:00 1.141 s     21.911 h/s    1.500 d/s    0.556 s
 1.083 d    05/07/00  2:00:00 1.156 s     22.491 h/s    1.603 d/s    0.494 s
 1.125 d    05/07/00  3:00:00 1.172 s     23.038 h/s    1.500 d/s    0.500 s
 1.167 d    05/07/00  4:00:00 1.203 s     23.275 h/s    1.603 d/s    0.442 s
 1.208 d    05/07/00  5:00:00 1.219 s     23.790 h/s    1.603 d/s    0.416 s
 1.250 d    05/07/00  6:00:00 1.235 s      1.012 d/s    1.596 d/s    0.392 s
 1.292 d    05/07/00  7:00:00 1.250 s      1.033 d/s    1.712 d/s    0.341 s
 1.333 d    05/07/00  8:00:00 1.281 s      1.041 d/s    2.005 d/s    0.270 s
 1.375 d    05/07/00  9:00:00 1.297 s      1.060 d/s    2.180 d/s    0.229 s
 1.417 d    05/07/00 10:00:00 1.313 s      1.079 d/s    2.180 d/s    0.210 s
 1.458 d    05/07/00 11:00:00 1.313 s      1.111 d/s    2.389 d/s    0.174 s
 1.500 d    05/07/00 12:00:00 1.344 s      1.116 d/s    2.180 d/s    0.172 s
 1.542 d    05/07/00 13:00:00 1.344 s      1.147 d/s    2.660 d/s    0.125 s
 1.583 d    05/07/00 14:00:00 1.391 s      1.138 d/s    2.180 d/s    0.134 s
 1.625 d    05/07/00 15:00:00 1.406 s      1.156 d/s    2.193 d/s    0.114 s
 1.667 d    05/07/00 16:00:00 1.422 s      1.172 d/s    2.180 d/s    0.096 s
Simtime     Simdate           Realtime    MeanSp       CurrentSp    ETC
 1.708 d    05/07/00 17:00:00 1.438 s      1.188 d/s    2.389 d/s    0.070 s
 1.750 d    05/07/00 18:00:00 1.453 s      1.204 d/s    2.404 d/s    0.052 s
 1.792 d    05/07/00 19:00:00 1.485 s      1.207 d/s    2.180 d/s    0.038 s
 1.833 d    05/07/00 20:00:00 1.485 s      1.235 d/s    2.180 d/s    0.019 s
 1.875 d    05/07/00 21:00:00 1.516 s      1.237 d/s    2.180 d/s    0.000 s

.Simulation finished after : 1.516 s
